TREE-QMC version 4.1.5
COMMAND: /Users/jameslzy/Desktop/Code/CompBio/TREE-QMC/build/tree-qmc -i /Users/jameslzy/Desktop/Code/CompBio/data/camus-dataset/n15/00/iqtree_500.nwk --rowsweep /Users/jameslzy/Desktop/Code/CompBio/TREE-QMC/experiments/results/n15_00/bips.tsv --rowsweep_out /Users/jameslzy/Desktop/Code/CompBio/TREE-QMC/experiments/results/n15_00/pred_d0.15.tsv --delta 0.15 

SETTINGS:
input file: /Users/jameslzy/Desktop/Code/CompBio/data/camus-dataset/n15/00/iqtree_500.nwk
output file: std
weighting mode: none
  WARNING: --hybrid option is recommended
normalization for artifical taxa mode: n2
execution mode: efficient
random seed for refinement: 12345
random seed for max-cut: 1
max-cut heuristic iteration limit: 10

LOGGING:
Reading input
Found
    1000 trees
    16 taxa
    0 polytomies across all trees
Constructing species tree
At most 27 subproblems:
    0 subproblems computed.
   10 subproblems computed.
   20 subproblems computed.
   27 subproblems computed.
Printing output tree/network:
((((((t14,t4),t5),(t9,t1)),t8),t6),((((t3,t12),t2),OUT),(((t11,t7),t13),(t15,t10))));
Running row-sweep split experiment
Wrote row-sweep predictions to /Users/jameslzy/Desktop/Code/CompBio/TREE-QMC/experiments/results/n15_00/pred_d0.15.tsv
Writing species tree
((((((t14,t4),t5),(t9,t1)),t8),t6),((((t3,t12),t2),OUT),(((t11,t7),t13),(t15,t10))));
Execution time: 4secs
